<?xml version="1.0" encoding="UTF-8"?>
<robot generator="Robot 7.0 (Python 3.12.2 on win32)" generated="2024-02-19T18:32:12.064761" rpa="false" schemaversion="5">
<suite id="s1" name="Test Suite" source="D:\Robot Framework\TestCase\test_suite.robot">
<test id="s1-t1" name="Open and Close Browser" line="5">
<kw name="Open Browser" owner="SeleniumLibrary">
<msg time="2024-02-19T18:32:12.499701" level="INFO">Opening browser 'Chrome' to base url 'http://www.example.com'.</msg>
<arg>http://www.example.com</arg>
<arg>Chrome</arg>
<doc>Opens a new browser instance to the optional ``url``.</doc>
<status status="PASS" start="2024-02-19T18:32:12.499701" elapsed="3.732605"/>
</kw>
<kw name="Close Browser" owner="SeleniumLibrary">
<doc>Closes the current browser.</doc>
<status status="PASS" start="2024-02-19T18:32:16.232306" elapsed="2.200022"/>
</kw>
<status status="PASS" start="2024-02-19T18:32:12.499701" elapsed="5.949657"/>
</test>
<status status="PASS" start="2024-02-19T18:32:12.067992" elapsed="6.387562"/>
</suite>
<statistics>
<total>
<stat pass="1" fail="0" skip="0">All Tests</stat>
</total>
<tag>
</tag>
<suite>
<stat pass="1" fail="0" skip="0" id="s1" name="Test Suite">Test Suite</stat>
</suite>
</statistics>
<errors>
</errors>
</robot>
