<?xml version="1.0" encoding="UTF-8"?>
<robot generator="Robot 7.0 (Python 3.12.2 on win32)" generated="2024-02-22T19:01:18.073932" rpa="false" schemaversion="5">
<suite id="s1" name="Robot Framework" source="D:\Robot Framework">
<suite id="s1-s1" name="TestCase" source="D:\Robot Framework\TestCase">
<suite id="s1-s1-s1" name="Test Suite" source="D:\Robot Framework\TestCase\test_suite.robot">
<test id="s1-s1-s1-t1" name="Open and Close Browser" line="5">
<kw name="Open Browser" owner="SeleniumLibrary">
<msg time="2024-02-22T19:01:18.353775" level="INFO">Opening browser 'Chrome' to base url 'https://www.facebook.com/'.</msg>
<arg>https://www.facebook.com/</arg>
<arg>Chrome</arg>
<doc>Opens a new browser instance to the optional ``url``.</doc>
<status status="PASS" start="2024-02-22T19:01:18.352661" elapsed="3.579976"/>
</kw>
<kw name="Close Browser" owner="SeleniumLibrary">
<doc>Closes the current browser.</doc>
<status status="PASS" start="2024-02-22T19:01:21.933651" elapsed="2.124570"/>
</kw>
<status status="PASS" start="2024-02-22T19:01:18.351654" elapsed="5.707545"/>
</test>
<status status="PASS" start="2024-02-22T19:01:18.129794" elapsed="5.934309"/>
</suite>
<status status="PASS" start="2024-02-22T19:01:18.128301" elapsed="5.938306"/>
</suite>
<status status="PASS" start="2024-02-22T19:01:18.094239" elapsed="5.974373"/>
</suite>
<statistics>
<total>
<stat pass="1" fail="0" skip="0">All Tests</stat>
</total>
<tag>
</tag>
<suite>
<stat pass="1" fail="0" skip="0" id="s1" name="Robot Framework">Robot Framework</stat>
<stat pass="1" fail="0" skip="0" id="s1-s1" name="TestCase">Robot Framework.TestCase</stat>
<stat pass="1" fail="0" skip="0" id="s1-s1-s1" name="Test Suite">Robot Framework.TestCase.Test Suite</stat>
</suite>
</statistics>
<errors>
</errors>
</robot>
